<?xml version="1.0" encoding="UTF-8"?>
<testsuite name="TestDataClasses" tests="1" skipped="0" failures="0" errors="0" timestamp="2018-10-11T03:55:58" hostname="joris" time="0.02">
  <properties/>
  <testcase name="testListOfPeople" classname="TestDataClasses" time="0.02"/>
  <system-out><![CDATA[]]></system-out>
  <system-err><![CDATA[]]></system-err>
</testsuite>
